0 info it worked if it ends with ok
1 verbose cli [ 'node', '/usr/local/bin/npm', 'link' ]
2 info using npm@1.1.45
3 info using node@v0.8.4
4 verbose config file /Users/krishedges/.npmrc
5 verbose config file /usr/local/etc/npmrc
6 verbose config file /usr/local/lib/node_modules/npm/npmrc
7 verbose linkPkg /Users/krishedges/Projects/fluidity
8 verbose read json /Users/krishedges/Projects/fluidity/package.json
9 error Error: EACCES, unlink '/usr/local/lib/node_modules/fluidity'
9 error  { [Error: EACCES, unlink '/usr/local/lib/node_modules/fluidity']
9 error   errno: 3,
9 error   code: 'EACCES',
9 error   path: '/usr/local/lib/node_modules/fluidity' }
10 error Please try running this command again as root/Administrator.
11 error System Darwin 10.8.0
12 error command "node" "/usr/local/bin/npm" "link"
13 error cwd /Users/krishedges/Projects/fluidity
14 error node -v v0.8.4
15 error npm -v 1.1.45
16 error path /usr/local/lib/node_modules/fluidity
17 error code EACCES
18 error errno 3
19 error stack Error: EACCES, unlink '/usr/local/lib/node_modules/fluidity'
20 verbose exit [ 3, true ]
